Build started 18.02.2014 16:16:36.
     1>Project "C:\Test\WpfTest\Hello world\Hello world\Hello world.vcxproj" on node 2 (build target(s)).
     1>InitializeBuildStatus:
         Touching "Debug\Hello world.unsuccessfulbuild".
       ClCompile:
         c:\Program Files (x86)\Microsoft Visual Studio 10.0\VC\bin\CL.exe /c /ZI /nologo /W3 /WX- /Od /Oy- /D WIN32 /D _DEBUG /D _CONSOLE /D _UNICODE /D UNICODE /Gm /EHsc /RTC1 /MDd /GS /fp:precise /Zc:wchar_t /Zc:forScope /Fo"Debug\\" /Fd"Debug\vc100.pdb" /Gd /TP /analyze- /errorReport:prompt MAIn.cpp
         MAIn.cpp
     1>c:\test\wpftest\hello world\hello world\main.cpp(7): warning C4996: 'getch': The POSIX name for this item is deprecated. Instead, use the ISO C++ conformant name: _getch. See online help for details.
                 c:\program files (x86)\microsoft visual studio 10.0\vc\include\conio.h(128) : see declaration of 'getch'
       ManifestResourceCompile:
         C:\Program Files (x86)\Microsoft SDKs\Windows\v7.0A\bin\rc.exe /nologo /fo"Debug\Hello world.exe.embed.manifest.res" "Debug\Hello world_manifest.rc" 
       Link:
         c:\Program Files (x86)\Microsoft Visual Studio 10.0\VC\bin\link.exe /ERRORREPORT:PROMPT /OUT:"C:\Test\WpfTest\Hello world\Debug\Hello world.exe" /INCREMENTAL /NOLOGO kernel32.lib user32.lib gdi32.lib winspool.lib comdlg32.lib advapi32.lib shell32.lib ole32.lib oleaut32.lib uuid.lib odbc32.lib odbccp32.lib /MANIFEST /ManifestFile:"Debug\Hello world.exe.intermediate.manifest" /MANIFESTUAC:"level='asInvoker' uiAccess='false'" /DEBUG /PDB:"C:\Test\WpfTest\Hello world\Debug\Hello world.pdb" /SUBSYSTEM:CONSOLE /TLBID:1 /DYNAMICBASE /NXCOMPAT /IMPLIB:"C:\Test\WpfTest\Hello world\Debug\Hello world.lib" /MACHINE:X86 "Debug\Hello world.exe.embed.manifest.res"
         Debug\MAIn.obj
       Manifest:
         C:\Program Files (x86)\Microsoft SDKs\Windows\v7.0A\bin\mt.exe /nologo /verbose /out:"Debug\Hello world.exe.embed.manifest" /manifest "Debug\Hello world.exe.intermediate.manifest"
         C:\Program Files (x86)\Microsoft SDKs\Windows\v7.0A\bin\rc.exe /nologo /fo"Debug\Hello world.exe.embed.manifest.res" "Debug\Hello world_manifest.rc" 
       LinkEmbedManifest:
         c:\Program Files (x86)\Microsoft Visual Studio 10.0\VC\bin\link.exe /ERRORREPORT:PROMPT /OUT:"C:\Test\WpfTest\Hello world\Debug\Hello world.exe" /INCREMENTAL /NOLOGO kernel32.lib user32.lib gdi32.lib winspool.lib comdlg32.lib advapi32.lib shell32.lib ole32.lib oleaut32.lib uuid.lib odbc32.lib odbccp32.lib /MANIFEST /ManifestFile:"Debug\Hello world.exe.intermediate.manifest" /MANIFESTUAC:"level='asInvoker' uiAccess='false'" /DEBUG /PDB:"C:\Test\WpfTest\Hello world\Debug\Hello world.pdb" /SUBSYSTEM:CONSOLE /TLBID:1 /DYNAMICBASE /NXCOMPAT /IMPLIB:"C:\Test\WpfTest\Hello world\Debug\Hello world.lib" /MACHINE:X86 "Debug\Hello world.exe.embed.manifest.res"
         Debug\MAIn.obj
         Hello world.vcxproj -> C:\Test\WpfTest\Hello world\Debug\Hello world.exe
       FinalizeBuildStatus:
         Deleting file "Debug\Hello world.unsuccessfulbuild".
         Touching "Debug\Hello world.lastbuildstate".
     1>Done Building Project "C:\Test\WpfTest\Hello world\Hello world\Hello world.vcxproj" (build target(s)).

Build succeeded.

Time Elapsed 00:00:01.67
